C51 COMPILER V9.01   ZI16                                                                  01/03/2014 13:18:32 PAGE 1   


C51 COMPILER V9.01, COMPILATION OF MODULE ZI16
OBJECT MODULE PLACED IN .\out\ZI16.obj
COMPILER INVOKED BY: C:\Keil\C51\BIN\C51.EXE src\ZI16.C BROWSE DEBUG OBJECTEXTEND PRINT(.\ZI16.lst) OBJECT(.\out\ZI16.ob
                    -j)

line level    source

   1          #include "zi16.H"
   2          
   3          code unsigned char hzli[]={
   4          /*--  文字:  锂  --*/
   5          /*--  楷体_GB231212;  此字体下对应的点阵为：宽x高=16x16   --*/
   6          0x00,0x00,0x08,0x00,0x08,0x3C,0x11,0xC4,0x1D,0x74,0x21,0xC8,0x3D,0x78,0x51,0xC0,
   7          0x9C,0x40,0x70,0x78,0x15,0xC0,0x18,0x7C,0x13,0xC0,0x00,0x00,0x00,0x00,0x00,0x00
   8          
   9          };
  10           
  11          code unsigned char hzdian[]={
  12          /*--  文字:  电  --*/
  13          /*--  楷体_GB231212;  此字体下对应的点阵为：宽x高=16x16   --*/
  14          0x02,0x00,0x02,0x00,0x02,0x00,0x03,0xE0,0x3E,0x20,0x22,0x20,0x23,0x20,0x2E,0x20,
  15          0x13,0xC0,0x1E,0x00,0x02,0x04,0x02,0x04,0x02,0x04,0x01,0xF8,0x00,0x00,0x00,0x00
  16          };
  17          
  18          code unsigned char hzrong[]={
  19          /*--  文字:  容  --*/
  20          /*--  楷体_GB231212;  此字体下对应的点阵为：宽x高=16x16   --*/
  21          0x02,0x00,0x01,0x00,0x03,0xF0,0x3C,0x10,0x20,0x00,0x44,0xC0,0x08,0x20,0x13,0x00,
  22          0x04,0x80,0x08,0x60,0x13,0xDE,0x6C,0x40,0x08,0x40,0x0F,0xC0,0x00,0x00,0x00,0x00
  23          
  24          };
  25          
  26          code unsigned char hzliang[]={
  27          /*--  文字:  量  --*/
  28          /*--  楷体_GB231212;  此字体下对应的点阵为：宽x高=16x16   --*/
  29          0x01,0xE0,0x0E,0x20,0x0B,0x40,0x08,0xC0,0x07,0x00,0x01,0xFE,0x7E,0x00,0x01,0xE0,
  30          0x0F,0x20,0x09,0xC0,0x07,0x00,0x01,0xC0,0x0F,0x00,0x01,0xF8,0x3E,0x00,0x00,0x00
  31          };
  32          
  33          code unsigned char hzce[]={
  34          /*--  文字:  测  --*/
  35          /*--  楷体_GB231212;  此字体下对应的点阵为：宽x高=16x16   --*/
  36          0x00,0x00,0x00,0x04,0x23,0x84,0x1C,0x84,0x08,0xA4,0x8A,0xA4,0x4A,0xA4,0x0A,0xA4,
  37          0x1A,0xA4,0x2A,0xA4,0x23,0x04,0x44,0x84,0x08,0x8C,0x10,0x04,0x00,0x00,0x00,0x00
  38          };
  39          
  40          code unsigned char hzshi[]={
  41          /*--  文字:  试  --*/
  42          /*--  楷体_GB231212;  此字体下对应的点阵为：宽x高=16x16   --*/
  43          0x00,0x00,0x00,0x40,0x10,0x48,0x08,0x44,0x00,0x40,0x00,0x78,0x33,0xC0,0xD0,0x40,
  44          0x10,0xA0,0x13,0x20,0x11,0x10,0x19,0xD2,0x16,0x0A,0x00,0x06,0x00,0x00,0x00,0x00
  45          
  46          };
  47          
  48          
  49           
  50          code unsigned char hzya[]={
  51          /*--  文字:  压  --*/
  52          /*--  楷体_GB231212;  此字体下对应的点阵为：宽x高=16x16   --*/
  53          0x00,0x00,0x00,0xF0,0x1F,0x00,0x10,0x00,0x10,0x80,0x10,0x80,0x10,0xF0,0x17,0x80,
  54          0x10,0xA0,0x20,0x90,0x20,0x80,0x40,0xFC,0x9F,0x00,0x00,0x00,0x00,0x00,0x00,0x00
C51 COMPILER V9.01   ZI16                                                                  01/03/2014 13:18:32 PAGE 2   

  55          };
  56           
  57          code unsigned char hzliu[]={
  58          /*--  文字:  流  --*/
  59          /*--  楷体_GB231212;  此字体下对应的点阵为：宽x高=16x16   --*/
  60          0x00,0x80,0x00,0x40,0x20,0x00,0x10,0x78,0x07,0x80,0x41,0x20,0x22,0xF0,0x03,0x00,
  61          0x10,0xA0,0x12,0xA0,0x12,0xA2,0x24,0xA2,0x24,0x9E,0x08,0x00,0x00,0x00,0x00,0x00};
  62           
  63          code unsigned char hzshe[]={
  64          /*--  文字:  设  --*/
  65          /*--  楷体_GB231212;  此字体下对应的点阵为：宽x高=16x16   --*/
  66          0x00,0x00,0x20,0xE0,0x11,0x20,0x01,0x20,0x01,0x20,0x62,0x38,0xA4,0x00,0x21,0xE0,
  67          0x22,0x20,0x21,0x40,0x28,0x80,0x31,0x40,0x22,0x30,0x0C,0x1E,0x00,0x00,0x00,0x00
  68          
  69           };
  70          
  71           
  72          code unsigned char hzzhi[]={
  73          
  74          /*--  文字:  置  --*/
  75          /*--  楷体_GB231212;  此字体下对应的点阵为：宽x高=16x16   --*/
  76          0x00,0x00,0x03,0xF0,0x1C,0x90,0x13,0xE0,0x0E,0x00,0x03,0xF0,0x1E,0x00,0x03,0xC0,
  77          0x04,0x40,0x07,0x40,0x04,0x40,0x07,0x40,0x04,0x7C,0x7F,0x80,0x00,0x00,0x00,0x00
  78           };
  79          
  80          
  81           
  82          code unsigned char hzfang[]={
  83          /*--  文字:  放  --*/
  84          /*--  楷体_GB231212;  此字体下对应的点阵为：宽x高=16x16   --*/
  85          0x00,0x40,0x10,0x40,0x08,0x40,0x04,0x40,0x00,0x9C,0x0E,0xE0,0xF1,0x20,0x10,0x20,
  86          0x1C,0xA0,0x24,0x40,0x44,0xA0,0x85,0x10,0x1A,0x08,0x00,0x06,0x00,0x00,0x00,0x00
  87           };
  88           
  89          code unsigned char hzjie[]={
  90          /*--  文字:  结  --*/
  91          /*--  楷体_GB231212;  此字体下对应的点阵为：宽x高=16x16   --*/
  92          0x00,0x00,0x00,0x40,0x10,0x40,0x10,0x40,0x24,0x40,0x44,0x7C,0x7B,0xC0,0x10,0x40,
  93          0x2C,0x78,0x71,0x80,0x04,0x78,0x19,0x88,0x61,0x18,0x01,0xE0,0x00,0x00,0x00,0x00
  94           };
  95           
  96          
  97          code unsigned char hzshu[]={
  98          
  99          /*--  文字:  束  --*/
 100          /*--  楷体_GB231212;  此字体下对应的点阵为：宽x高=16x16   --*/
 101          0x01,0x00,0x01,0x00,0x01,0xC0,0x0F,0x00,0x01,0xE0,0x1F,0x20,0x11,0x60,0x0F,0x80,
 102          0x03,0x00,0x05,0x80,0x09,0x40,0x31,0x30,0xC1,0x0E,0x01,0x00,0x01,0x00,0x00,0x00
 103           };
 104            
 105          
 106          code unsigned char hzzhun[]={
 107          /*--  文字:  状  --*/
 108          /*--  楷体_GB231212;  此字体下对应的点阵为：宽x高=16x16   --*/
 109          0x00,0x00,0x08,0x80,0x08,0x80,0x08,0x90,0x48,0x88,0x28,0x80,0x28,0xF8,0x0B,0x80,
 110          0x08,0xC0,0x38,0xA0,0xC9,0x10,0x0A,0x18,0x0C,0x0E,0x08,0x00,0x00,0x00,0x00,0x00
 111           };
 112          
 113          
 114          
 115          code unsigned char hztai[]={
 116          /*--  文字:  态  --*/
C51 COMPILER V9.01   ZI16                                                                  01/03/2014 13:18:32 PAGE 3   

 117          /*--  楷体_GB231212;  此字体下对应的点阵为：宽x高=16x16   --*/
 118          0x02,0x00,0x02,0x00,0x02,0x00,0x03,0xE0,0x1F,0x00,0x04,0x80,0x08,0x60,0x12,0x3C,
 119          0x61,0x00,0x00,0x10,0x01,0x08,0x28,0x84,0x24,0x10,0x43,0x08,0x00,0xF8,0x00,0x00
 120           };
 121          
 122          
 123          
 124          code unsigned char hzyi[]={
 125          /*--  文字:  已  --*/
 126          /*--  楷体_GB231212;  此字体下对应的点阵为：宽x高=16x16   --*/
 127          0x00,0x00,0x00,0xC0,0x0F,0x40,0x00,0x40,0x10,0x80,0x10,0x80,0x1F,0x00,0x10,0x00,
 128          0x10,0x00,0x10,0x04,0x10,0x04,0x10,0x04,0x08,0x0C,0x07,0xF0,0x00,0x00,0x00,0x00
 129           };
 130          
 131           
 132          code unsigned char hzchi[]={
 133          
 134          /*--  文字:  池  --*/
 135          /*--  楷体_GB231212;  此字体下对应的点阵为：宽x高=16x16   --*/
 136          0x00,0x00,0x01,0x00,0x21,0x00,0x11,0x00,0x05,0x30,0x05,0xD0,0x47,0x10,0x2D,0x10,
 137          0x05,0x62,0x15,0x02,0x14,0x02,0x22,0x02,0x41,0xFC,0x00,0x00,0x00,0x00,0x00,0x00
 138          
 139           };
 140          
 141          code unsigned char hzzhong[]={
 142          /*--  文字:  中  --*/
 143          /*--  楷体_GB231212;  此字体下对应的点阵为：宽x高=16x16   --*/
 144          0x01,0x00,0x01,0x00,0x01,0x00,0x01,0xF0,0x3F,0x10,0x21,0x10,0x11,0x10,0x11,0xF0,
 145          0x1F,0x00,0x01,0x00,0x01,0x00,0x01,0x00,0x01,0x00,0x01,0x00,0x01,0x00,0x00,0x00
 146           };
 147          
 148          code unsigned char hzting[]={
 149          /*--  文字:  停  --*/
 150          /*--  楷体_GB231212;  此字体下对应的点阵为：宽x高=16x16   --*/
 151          0x00,0x40,0x08,0x38,0x0B,0xC0,0x10,0xF0,0x11,0x10,0x31,0xE0,0x50,0x7C,0x97,0x84,
 152          0x14,0x78,0x15,0xC0,0x10,0x40,0x10,0x40,0x10,0x40,0x10,0xC0,0x00,0x40,0x00,0x00
 153           };
 154          
 155          code unsigned char hzzi[]={
 156          /*--  文字:  止  --*/
 157          /*--  楷体_GB231212;  此字体下对应的点阵为：宽x高=16x16   --*/
 158          0x00,0x00,0x01,0x00,0x01,0x00,0x01,0x00,0x01,0x00,0x11,0x30,0x11,0xC0,0x11,0x00,
 159          0x11,0x00,0x11,0x00,0x11,0x00,0x11,0xFE,0xFE,0x00,0x00,0x00,0x00,0x00,0x00,0x00
 160           };
 161          
 162          
 163          
 164          
 165          
 166          
 167          
 168          
 169          //0~9的8X16字模
 170          code unsigned char sn[][16]=
 171          {
 172          /*--  文字:  0  --*/
 173          /*--  楷体_GB231212;  此字体下对应的点阵为：宽x高=8x16   --*/
 174          {0x00,0x00,0x00,0x1C,0x24,0x22,0x22,0x22,0x22,0x22,0x22,0x22,0x14,0x08,0x00,0x00},
 175          /*--  文字:  1  --*/
 176          /*--  楷体_GB231212;  此字体下对应的点阵为：宽x高=8x16   --*/
 177          {0x00,0x00,0x00,0x10,0x30,0x10,0x10,0x10,0x10,0x10,0x10,0x10,0x18,0x00,0x00,0x00},
 178          /*--  文字:  2  --*/
C51 COMPILER V9.01   ZI16                                                                  01/03/2014 13:18:32 PAGE 4   

 179          /*--  楷体_GB231212;  此字体下对应的点阵为：宽x高=8x16   --*/
 180          {0x00,0x00,0x00,0x3C,0x44,0x44,0x04,0x04,0x08,0x08,0x10,0x22,0x3C,0x00,0x00,0x00},
 181          /*--  文字:  3  --*/
 182          /*--  楷体_GB231212;  此字体下对应的点阵为：宽x高=8x16   --*/
 183          {0x00,0x00,0x00,0x1C,0x24,0x04,0x04,0x08,0x04,0x02,0x02,0x02,0x24,0x18,0x00,0x00},
 184          /*--  文字:  4  --*/
 185          /*--  楷体_GB231212;  此字体下对应的点阵为：宽x高=8x16   --*/
 186          {0x00,0x00,0x00,0x04,0x0C,0x14,0x24,0x24,0x44,0x7E,0x04,0x04,0x04,0x00,0x00,0x00},
 187          /*--  文字:  5  --*/
 188          /*--  楷体_GB231212;  此字体下对应的点阵为：宽x高=8x16   --*/
 189          {0x00,0x00,0x00,0x1C,0x20,0x20,0x38,0x0C,0x04,0x04,0x04,0x04,0x68,0x10,0x00,0x00},
 190          /*--  文字:  6  --*/
 191          /*--  楷体_GB231212;  此字体下对应的点阵为：宽x高=8x16   --*/
 192          {0x00,0x00,0x00,0x08,0x10,0x20,0x20,0x3C,0x44,0x42,0x42,0x24,0x24,0x18,0x00,0x00},
 193          /*--  文字:  7  --*/
 194          /*--  楷体_GB231212;  此字体下对应的点阵为：宽x高=8x16   --*/
 195          {0x00,0x00,0x00,0x3C,0x44,0x04,0x04,0x08,0x08,0x08,0x08,0x10,0x10,0x00,0x00,0x00},
 196          /*--  文字:  8  --*/
 197          /*--  楷体_GB231212;  此字体下对应的点阵为：宽x高=8x16   --*/
 198          {0x00,0x00,0x00,0x3C,0x24,0x24,0x24,0x18,0x18,0x24,0x44,0x44,0x24,0x18,0x00,0x00},
 199          /*--  文字:  9  --*/
 200          /*--  楷体_GB231212;  此字体下对应的点阵为：宽x高=8x16   --*/
 201          {0x00,0x00,0x00,0x3C,0x24,0x44,0x46,0x26,0x2C,0x14,0x04,0x08,0x10,0x20,0x00,0x00},
 202          };
 203          
 204          
 205          /*--  文字:  :  --*/
 206          /*--  宋体12;  此字体下对应的点阵为：宽x高=8x16   --*/
 207          code unsigned char fhmh[]={
 208          0x00,0x00,0x00,0x00,0x00,0x00,0x18,0x18,0x00,0x00,0x00,0x00,0x18,0x18,0x00,0x00
 209          };
 210          
 211          
 212          /*--  文字:  .  --*/
 213          /*--  宋体12;  此字体下对应的点阵为：宽x高=8x16   --*/
 214          code unsigned char fhd[]={
 215          0x00,0x00,0x00,0x00,0x00,0x00,0x00,0x00,0x00,0x00,0x00,0x00,0x60,0x60,0x00,0x00
 216          };
 217          
 218          
 219          code unsigned char zmm[]={
 220           /*--  文字:  m  --*/
 221          /*--  宋体12;  此字体下对应的点阵为：宽x高=8x16   --*/
 222          0x00,0x00,0x00,0x00,0x00,0x00,0x00,0xFE,0x49,0x49,0x49,0x49,0x49,0xED,0x00,0x00
 223          };
 224          code unsigned char zmA[]={
 225          /*--  文字:  A  --*/
 226          /*--  宋体12;  此字体下对应的点阵为：宽x高=8x16   --*/
 227          0x00,0x00,0x00,0x10,0x10,0x18,0x28,0x28,0x24,0x3C,0x44,0x42,0x42,0xE7,0x00,0x00
 228          };
 229          code unsigned char zmH[]={
 230          /*--  文字:  H  --*/
 231          /*--  宋体12;  此字体下对应的点阵为：宽x高=8x16   --*/
 232          0x00,0x00,0x00,0xE7,0x42,0x42,0x42,0x42,0x7E,0x42,0x42,0x42,0x42,0xE7,0x00,0x00
 233          };
 234          
 235          /*--  文字:  V  --*/
 236          /*--  楷体_GB231212;  此字体下对应的点阵为：宽x高=8x16   --*/
 237          code unsigned char zmV[]={
 238          0x00,0x00,0x00,0x62,0x24,0x24,0x24,0x28,0x18,0x18,0x18,0x10,0x10,0x00,0x00,0x00
 239          };
 240          
C51 COMPILER V9.01   ZI16                                                                  01/03/2014 13:18:32 PAGE 5   

 241          code unsigned char fhjt[]={
 242          /*--  调入了一幅图像：这是您新建的图像  --*/
 243          /*--  宽度x高度=8x16  --*/
 244          0x00,0x00,0x00,0x00,0x10,0x30,0x70,0xFF,0xFF,0xFF,0x70,0x30,0x10,0x00,0x00,0x00
 245          };


MODULE INFORMATION:   STATIC OVERLAYABLE
   CODE SIZE        =   ----    ----
   CONSTANT SIZE    =    912    ----
   XDATA SIZE       =   ----    ----
   PDATA SIZE       =   ----    ----
   DATA SIZE        =   ----    ----
   IDATA SIZE       =   ----    ----
   BIT SIZE         =   ----    ----
END OF MODULE INFORMATION.


C51 COMPILATION COMPLETE.  0 WARNING(S),  0 ERROR(S)
